  Mesh.cpp
C:\Program Files\Microsoft Visual Studio\2022\Community\VC\Tools\MSVC\14.35.32215\include\filesystem(13): warning STL4038: The contents of <filesystem> are available only with C++17 or later.
C:\Users\safia\Documents\GitHub\Guardians_of_Sunshine_OPenGl\Guardians of the Sunshine OpenGl\Mesh.cpp(39,68): warning C4267: 'argument': conversion from 'size_t' to 'GLsizei', possible loss of data
C:\Users\safia\Documents\GitHub\Guardians_of_Sunshine_OPenGl\Guardians of the Sunshine OpenGl\Mesh.cpp(134,45): warning C4267: 'argument': conversion from 'size_t' to '_Ty', possible loss of data
          with
          [
              _Ty=unsigned int
          ]
C:\Users\safia\Documents\GitHub\Guardians_of_Sunshine_OPenGl\Guardians of the Sunshine OpenGl\Mesh.cpp(135,45): warning C4267: 'argument': conversion from 'size_t' to '_Ty', possible loss of data
          with
          [
              _Ty=unsigned int
          ]
C:\Users\safia\Documents\GitHub\Guardians_of_Sunshine_OPenGl\Guardians of the Sunshine OpenGl\Mesh.cpp(136,45): warning C4267: 'argument': conversion from 'size_t' to '_Ty', possible loss of data
          with
          [
              _Ty=unsigned int
          ]
LINK : warning LNK4098: defaultlib 'MSVCRTD' conflicts with use of other libs; use /NODEFAULTLIB:library
  Generating code
  0 of 1713 functions ( 0.0%) were compiled, the rest were copied from previous compilation.
    0 functions were new in current compilation
    0 functions had inline decision re-evaluated but remain unchanged
  Finished generating code
  Guardians of the Sunshine OpenGl.vcxproj -> C:\Users\safia\Documents\GitHub\Guardians_of_Sunshine_OPenGl\Guardians of the Sunshine OpenGl\x64\Release\Guardians of the Sunshine OpenGl.exe
